2025-05-16 15:12:28,723 - root - INFO - 使用的 ChromeDriver 路径: D:\gmj\workSpaces\workSpaces_pycharm\autoTest4\Base\utils\chromedriver.exe
2025-05-16 15:12:28,840 - root - INFO - Test case test_add_sales_plan started at 2025-05-16 15:12:28.840963
2025-05-16 15:12:29,841 - root - INFO - 开始登录操作
2025-05-16 15:12:44,987 - root - INFO - 已打开登录页面
2025-05-16 15:12:45,144 - root - INFO - 已输入用户名：guomj
2025-05-16 15:12:45,238 - root - INFO - 已输入密码：gmj123..
2025-05-16 15:12:45,330 - root - INFO - 验证码图片已保存到 D:\gmj\workSpaces\workSpaces_pycharm\autoTest4\Base\utils\captcha.png
2025-05-16 15:12:47,268 - root - INFO - 验证码识别结果: XkFS
2025-05-16 15:12:47,347 - root - INFO - 已输入验证码: XkFS，第 1 次尝试
2025-05-16 15:12:52,407 - root - WARNING - 第 1 次登录失败，重新尝试
2025-05-16 15:12:52,407 - root - INFO - 开始登录操作
2025-05-16 15:12:52,930 - root - INFO - 已打开登录页面
2025-05-16 15:13:03,322 - root - ERROR - 登录过程中出现错误: Message: 
Stacktrace:
	GetHandleVerifier [0x00007FF7428A2775+28773]
	(No symbol) [0x00007FF74280AFB0]
	(No symbol) [0x00007FF7426A552A]
	(No symbol) [0x00007FF7426F8EAE]
	(No symbol) [0x00007FF7426F919C]
	(No symbol) [0x00007FF7427423F7]
	(No symbol) [0x00007FF74271EFDF]
	(No symbol) [0x00007FF74273F1A4]
	(No symbol) [0x00007FF74271ED43]
	(No symbol) [0x00007FF7426EA548]
	(No symbol) [0x00007FF7426EB6B1]
	GetHandleVerifier [0x00007FF742BCF45D+3358029]
	GetHandleVerifier [0x00007FF742BE430D+3443709]
	GetHandleVerifier [0x00007FF742BD83FD+3394797]
	GetHandleVerifier [0x00007FF74296929B+842635]
	(No symbol) [0x00007FF74281654F]
	(No symbol) [0x00007FF742811FA4]
	(No symbol) [0x00007FF74281213D]
	(No symbol) [0x00007FF742801629]
	BaseThreadInitThunk [0x00007FFD80A67614+20]
	RtlUserThreadStart [0x00007FFD817226A1+33]
Traceback (most recent call last):
  File "D:\gmj\workSpaces\workSpaces_pycharm\autoTest4\PageObject\login_page.py", line 144, in login
    self.send_keys(*self.USERNAME_INPUT, username)
  File "D:\gmj\workSpaces\workSpaces_pycharm\autoTest4\Base\base_page.py", line 23, in send_keys
    element = self.find_element(by, value, timeout)
              ^^^^^^^^^^^^^^^^^^^^^^^^^^^^^^^^^^^^^
  File "D:\gmj\workSpaces\workSpaces_pycharm\autoTest4\Base\base_page.py", line 14, in find_element
    return WebDriverWait(self.driver, timeout).until(
           ^^^^^^^^^^^^^^^^^^^^^^^^^^^^^^^^^^^^^^^^^^
  File "D:\gmj\workSpaces\workSpaces_pycharm\autoTest4\.venv\Lib\site-packages\selenium\webdriver\support\wait.py", line 146, in until
    raise TimeoutException(message, screen, stacktrace)
selenium.common.exceptions.TimeoutException: Message: 
Stacktrace:
	GetHandleVerifier [0x00007FF7428A2775+28773]
	(No symbol) [0x00007FF74280AFB0]
	(No symbol) [0x00007FF7426A552A]
	(No symbol) [0x00007FF7426F8EAE]
	(No symbol) [0x00007FF7426F919C]
	(No symbol) [0x00007FF7427423F7]
	(No symbol) [0x00007FF74271EFDF]
	(No symbol) [0x00007FF74273F1A4]
	(No symbol) [0x00007FF74271ED43]
	(No symbol) [0x00007FF7426EA548]
	(No symbol) [0x00007FF7426EB6B1]
	GetHandleVerifier [0x00007FF742BCF45D+3358029]
	GetHandleVerifier [0x00007FF742BE430D+3443709]
	GetHandleVerifier [0x00007FF742BD83FD+3394797]
	GetHandleVerifier [0x00007FF74296929B+842635]
	(No symbol) [0x00007FF74281654F]
	(No symbol) [0x00007FF742811FA4]
	(No symbol) [0x00007FF74281213D]
	(No symbol) [0x00007FF742801629]
	BaseThreadInitThunk [0x00007FFD80A67614+20]
	RtlUserThreadStart [0x00007FFD817226A1+33]

2025-05-16 15:13:03,325 - root - INFO - 开始登录操作
2025-05-16 15:13:03,506 - root - INFO - 已打开登录页面
2025-05-16 15:13:13,664 - root - ERROR - 登录过程中出现错误: Message: 
Stacktrace:
	GetHandleVerifier [0x00007FF7428A2775+28773]
	(No symbol) [0x00007FF74280AFB0]
	(No symbol) [0x00007FF7426A552A]
	(No symbol) [0x00007FF7426F8EAE]
	(No symbol) [0x00007FF7426F919C]
	(No symbol) [0x00007FF7427423F7]
	(No symbol) [0x00007FF74271EFDF]
	(No symbol) [0x00007FF74273F1A4]
	(No symbol) [0x00007FF74271ED43]
	(No symbol) [0x00007FF7426EA548]
	(No symbol) [0x00007FF7426EB6B1]
	GetHandleVerifier [0x00007FF742BCF45D+3358029]
	GetHandleVerifier [0x00007FF742BE430D+3443709]
	GetHandleVerifier [0x00007FF742BD83FD+3394797]
	GetHandleVerifier [0x00007FF74296929B+842635]
	(No symbol) [0x00007FF74281654F]
	(No symbol) [0x00007FF742811FA4]
	(No symbol) [0x00007FF74281213D]
	(No symbol) [0x00007FF742801629]
	BaseThreadInitThunk [0x00007FFD80A67614+20]
	RtlUserThreadStart [0x00007FFD817226A1+33]
Traceback (most recent call last):
  File "D:\gmj\workSpaces\workSpaces_pycharm\autoTest4\PageObject\login_page.py", line 144, in login
    self.send_keys(*self.USERNAME_INPUT, username)
  File "D:\gmj\workSpaces\workSpaces_pycharm\autoTest4\Base\base_page.py", line 23, in send_keys
    element = self.find_element(by, value, timeout)
              ^^^^^^^^^^^^^^^^^^^^^^^^^^^^^^^^^^^^^
  File "D:\gmj\workSpaces\workSpaces_pycharm\autoTest4\Base\base_page.py", line 14, in find_element
    return WebDriverWait(self.driver, timeout).until(
           ^^^^^^^^^^^^^^^^^^^^^^^^^^^^^^^^^^^^^^^^^^
  File "D:\gmj\workSpaces\workSpaces_pycharm\autoTest4\.venv\Lib\site-packages\selenium\webdriver\support\wait.py", line 146, in until
    raise TimeoutException(message, screen, stacktrace)
selenium.common.exceptions.TimeoutException: Message: 
Stacktrace:
	GetHandleVerifier [0x00007FF7428A2775+28773]
	(No symbol) [0x00007FF74280AFB0]
	(No symbol) [0x00007FF7426A552A]
	(No symbol) [0x00007FF7426F8EAE]
	(No symbol) [0x00007FF7426F919C]
	(No symbol) [0x00007FF7427423F7]
	(No symbol) [0x00007FF74271EFDF]
	(No symbol) [0x00007FF74273F1A4]
	(No symbol) [0x00007FF74271ED43]
	(No symbol) [0x00007FF7426EA548]
	(No symbol) [0x00007FF7426EB6B1]
	GetHandleVerifier [0x00007FF742BCF45D+3358029]
	GetHandleVerifier [0x00007FF742BE430D+3443709]
	GetHandleVerifier [0x00007FF742BD83FD+3394797]
	GetHandleVerifier [0x00007FF74296929B+842635]
	(No symbol) [0x00007FF74281654F]
	(No symbol) [0x00007FF742811FA4]
	(No symbol) [0x00007FF74281213D]
	(No symbol) [0x00007FF742801629]
	BaseThreadInitThunk [0x00007FFD80A67614+20]
	RtlUserThreadStart [0x00007FFD817226A1+33]

2025-05-16 15:13:13,665 - root - INFO - 开始登录操作
2025-05-16 15:13:13,860 - root - INFO - 已打开登录页面
2025-05-16 15:13:24,115 - root - ERROR - 登录过程中出现错误: Message: 
Stacktrace:
	GetHandleVerifier [0x00007FF7428A2775+28773]
	(No symbol) [0x00007FF74280AFB0]
	(No symbol) [0x00007FF7426A552A]
	(No symbol) [0x00007FF7426F8EAE]
	(No symbol) [0x00007FF7426F919C]
	(No symbol) [0x00007FF7427423F7]
	(No symbol) [0x00007FF74271EFDF]
	(No symbol) [0x00007FF74273F1A4]
	(No symbol) [0x00007FF74271ED43]
	(No symbol) [0x00007FF7426EA548]
	(No symbol) [0x00007FF7426EB6B1]
	GetHandleVerifier [0x00007FF742BCF45D+3358029]
	GetHandleVerifier [0x00007FF742BE430D+3443709]
	GetHandleVerifier [0x00007FF742BD83FD+3394797]
	GetHandleVerifier [0x00007FF74296929B+842635]
	(No symbol) [0x00007FF74281654F]
	(No symbol) [0x00007FF742811FA4]
	(No symbol) [0x00007FF74281213D]
	(No symbol) [0x00007FF742801629]
	BaseThreadInitThunk [0x00007FFD80A67614+20]
	RtlUserThreadStart [0x00007FFD817226A1+33]
Traceback (most recent call last):
  File "D:\gmj\workSpaces\workSpaces_pycharm\autoTest4\PageObject\login_page.py", line 144, in login
    self.send_keys(*self.USERNAME_INPUT, username)
  File "D:\gmj\workSpaces\workSpaces_pycharm\autoTest4\Base\base_page.py", line 23, in send_keys
    element = self.find_element(by, value, timeout)
              ^^^^^^^^^^^^^^^^^^^^^^^^^^^^^^^^^^^^^
  File "D:\gmj\workSpaces\workSpaces_pycharm\autoTest4\Base\base_page.py", line 14, in find_element
    return WebDriverWait(self.driver, timeout).until(
           ^^^^^^^^^^^^^^^^^^^^^^^^^^^^^^^^^^^^^^^^^^
  File "D:\gmj\workSpaces\workSpaces_pycharm\autoTest4\.venv\Lib\site-packages\selenium\webdriver\support\wait.py", line 146, in until
    raise TimeoutException(message, screen, stacktrace)
selenium.common.exceptions.TimeoutException: Message: 
Stacktrace:
	GetHandleVerifier [0x00007FF7428A2775+28773]
	(No symbol) [0x00007FF74280AFB0]
	(No symbol) [0x00007FF7426A552A]
	(No symbol) [0x00007FF7426F8EAE]
	(No symbol) [0x00007FF7426F919C]
	(No symbol) [0x00007FF7427423F7]
	(No symbol) [0x00007FF74271EFDF]
	(No symbol) [0x00007FF74273F1A4]
	(No symbol) [0x00007FF74271ED43]
	(No symbol) [0x00007FF7426EA548]
	(No symbol) [0x00007FF7426EB6B1]
	GetHandleVerifier [0x00007FF742BCF45D+3358029]
	GetHandleVerifier [0x00007FF742BE430D+3443709]
	GetHandleVerifier [0x00007FF742BD83FD+3394797]
	GetHandleVerifier [0x00007FF74296929B+842635]
	(No symbol) [0x00007FF74281654F]
	(No symbol) [0x00007FF742811FA4]
	(No symbol) [0x00007FF74281213D]
	(No symbol) [0x00007FF742801629]
	BaseThreadInitThunk [0x00007FFD80A67614+20]
	RtlUserThreadStart [0x00007FFD817226A1+33]

2025-05-16 15:13:24,116 - root - INFO - 开始登录操作
2025-05-16 15:13:24,304 - root - INFO - 已打开登录页面
2025-05-16 15:13:34,466 - root - ERROR - 登录过程中出现错误: Message: 
Stacktrace:
	GetHandleVerifier [0x00007FF7428A2775+28773]
	(No symbol) [0x00007FF74280AFB0]
	(No symbol) [0x00007FF7426A552A]
	(No symbol) [0x00007FF7426F8EAE]
	(No symbol) [0x00007FF7426F919C]
	(No symbol) [0x00007FF7427423F7]
	(No symbol) [0x00007FF74271EFDF]
	(No symbol) [0x00007FF74273F1A4]
	(No symbol) [0x00007FF74271ED43]
	(No symbol) [0x00007FF7426EA548]
	(No symbol) [0x00007FF7426EB6B1]
	GetHandleVerifier [0x00007FF742BCF45D+3358029]
	GetHandleVerifier [0x00007FF742BE430D+3443709]
	GetHandleVerifier [0x00007FF742BD83FD+3394797]
	GetHandleVerifier [0x00007FF74296929B+842635]
	(No symbol) [0x00007FF74281654F]
	(No symbol) [0x00007FF742811FA4]
	(No symbol) [0x00007FF74281213D]
	(No symbol) [0x00007FF742801629]
	BaseThreadInitThunk [0x00007FFD80A67614+20]
	RtlUserThreadStart [0x00007FFD817226A1+33]
Traceback (most recent call last):
  File "D:\gmj\workSpaces\workSpaces_pycharm\autoTest4\PageObject\login_page.py", line 144, in login
    self.send_keys(*self.USERNAME_INPUT, username)
  File "D:\gmj\workSpaces\workSpaces_pycharm\autoTest4\Base\base_page.py", line 23, in send_keys
    element = self.find_element(by, value, timeout)
              ^^^^^^^^^^^^^^^^^^^^^^^^^^^^^^^^^^^^^
  File "D:\gmj\workSpaces\workSpaces_pycharm\autoTest4\Base\base_page.py", line 14, in find_element
    return WebDriverWait(self.driver, timeout).until(
           ^^^^^^^^^^^^^^^^^^^^^^^^^^^^^^^^^^^^^^^^^^
  File "D:\gmj\workSpaces\workSpaces_pycharm\autoTest4\.venv\Lib\site-packages\selenium\webdriver\support\wait.py", line 146, in until
    raise TimeoutException(message, screen, stacktrace)
selenium.common.exceptions.TimeoutException: Message: 
Stacktrace:
	GetHandleVerifier [0x00007FF7428A2775+28773]
	(No symbol) [0x00007FF74280AFB0]
	(No symbol) [0x00007FF7426A552A]
	(No symbol) [0x00007FF7426F8EAE]
	(No symbol) [0x00007FF7426F919C]
	(No symbol) [0x00007FF7427423F7]
	(No symbol) [0x00007FF74271EFDF]
	(No symbol) [0x00007FF74273F1A4]
	(No symbol) [0x00007FF74271ED43]
	(No symbol) [0x00007FF7426EA548]
	(No symbol) [0x00007FF7426EB6B1]
	GetHandleVerifier [0x00007FF742BCF45D+3358029]
	GetHandleVerifier [0x00007FF742BE430D+3443709]
	GetHandleVerifier [0x00007FF742BD83FD+3394797]
	GetHandleVerifier [0x00007FF74296929B+842635]
	(No symbol) [0x00007FF74281654F]
	(No symbol) [0x00007FF742811FA4]
	(No symbol) [0x00007FF74281213D]
	(No symbol) [0x00007FF742801629]
	BaseThreadInitThunk [0x00007FFD80A67614+20]
	RtlUserThreadStart [0x00007FFD817226A1+33]

2025-05-16 15:13:34,467 - root - ERROR - 验证码识别失败次数达到上限，登录失败
2025-05-16 15:13:34,528 - root - INFO - Test case test_add_sales_plan ended at 2025-05-16 15:13:34.528318
