2025-05-15 17:32:54,460 - root - INFO - 使用的 ChromeDriver 路径: D:\gmj\workSpaces\workSpaces_pycharm\autoTest4\Base\utils\chromedriver.exe
2025-05-15 17:32:54,939 - root - INFO - Test case test_add_sales_plan started at 2025-05-15 17:32:54.938238
2025-05-15 17:32:55,981 - root - INFO - 开始登录操作
2025-05-15 17:33:09,170 - root - INFO - 已打开登录页面
2025-05-15 17:33:09,290 - root - INFO - 已输入用户名：guomj
2025-05-15 17:33:09,405 - root - INFO - 已输入密码：gmj123..
2025-05-15 17:33:09,507 - root - INFO - 验证码图片已保存到 D:\gmj\workSpaces\workSpaces_pycharm\autoTest4\Base\utils\captcha.png
2025-05-15 17:33:15,808 - root - INFO - 验证码识别结果: I Wg v
2025-05-15 17:33:15,924 - root - INFO - 已输入验证码: I Wg v，第 1 次尝试
2025-05-15 17:33:21,005 - root - WARNING - 第 1 次登录失败，重新尝试
2025-05-15 17:33:21,006 - root - INFO - 开始登录操作
2025-05-15 17:33:21,623 - root - INFO - 已打开登录页面
2025-05-15 17:33:21,705 - root - INFO - 已输入用户名：guomj
2025-05-15 17:33:21,805 - root - INFO - 已输入密码：gmj123..
2025-05-15 17:33:21,919 - root - INFO - 验证码图片已保存到 D:\gmj\workSpaces\workSpaces_pycharm\autoTest4\Base\utils\captcha.png
2025-05-15 17:33:23,839 - root - INFO - 验证码识别结果: GzP8
2025-05-15 17:33:23,927 - root - INFO - 已输入验证码: GzP8，第 2 次尝试
2025-05-15 17:33:29,011 - root - WARNING - 第 2 次登录失败，重新尝试
2025-05-15 17:33:29,012 - root - INFO - 开始登录操作
2025-05-15 17:33:29,289 - root - INFO - 已打开登录页面
2025-05-15 17:33:39,520 - root - ERROR - 登录过程中出现错误: Message: 
Stacktrace:
	GetHandleVerifier [0x00007FF6E54B2775+28773]
	(No symbol) [0x00007FF6E541AFB0]
	(No symbol) [0x00007FF6E52B552A]
	(No symbol) [0x00007FF6E5308EAE]
	(No symbol) [0x00007FF6E530919C]
	(No symbol) [0x00007FF6E53523F7]
	(No symbol) [0x00007FF6E532EFDF]
	(No symbol) [0x00007FF6E534F1A4]
	(No symbol) [0x00007FF6E532ED43]
	(No symbol) [0x00007FF6E52FA548]
	(No symbol) [0x00007FF6E52FB6B1]
	GetHandleVerifier [0x00007FF6E57DF45D+3358029]
	GetHandleVerifier [0x00007FF6E57F430D+3443709]
	GetHandleVerifier [0x00007FF6E57E83FD+3394797]
	GetHandleVerifier [0x00007FF6E557929B+842635]
	(No symbol) [0x00007FF6E542654F]
	(No symbol) [0x00007FF6E5421FA4]
	(No symbol) [0x00007FF6E542213D]
	(No symbol) [0x00007FF6E5411629]
	BaseThreadInitThunk [0x00007FFC3D5F7614+20]
	RtlUserThreadStart [0x00007FFC3E3426A1+33]
Traceback (most recent call last):
  File "D:\gmj\workSpaces\workSpaces_pycharm\autoTest4\PageObject\login_page.py", line 144, in login
    self.send_keys(*self.USERNAME_INPUT, username)
  File "D:\gmj\workSpaces\workSpaces_pycharm\autoTest4\Base\base_page.py", line 23, in send_keys
    element = self.find_element(by, value, timeout)
              ^^^^^^^^^^^^^^^^^^^^^^^^^^^^^^^^^^^^^
  File "D:\gmj\workSpaces\workSpaces_pycharm\autoTest4\Base\base_page.py", line 14, in find_element
    return WebDriverWait(self.driver, timeout).until(
           ^^^^^^^^^^^^^^^^^^^^^^^^^^^^^^^^^^^^^^^^^^
  File "D:\gmj\workSpaces\workSpaces_pycharm\autoTest4\.venv\Lib\site-packages\selenium\webdriver\support\wait.py", line 146, in until
    raise TimeoutException(message, screen, stacktrace)
selenium.common.exceptions.TimeoutException: Message: 
Stacktrace:
	GetHandleVerifier [0x00007FF6E54B2775+28773]
	(No symbol) [0x00007FF6E541AFB0]
	(No symbol) [0x00007FF6E52B552A]
	(No symbol) [0x00007FF6E5308EAE]
	(No symbol) [0x00007FF6E530919C]
	(No symbol) [0x00007FF6E53523F7]
	(No symbol) [0x00007FF6E532EFDF]
	(No symbol) [0x00007FF6E534F1A4]
	(No symbol) [0x00007FF6E532ED43]
	(No symbol) [0x00007FF6E52FA548]
	(No symbol) [0x00007FF6E52FB6B1]
	GetHandleVerifier [0x00007FF6E57DF45D+3358029]
	GetHandleVerifier [0x00007FF6E57F430D+3443709]
	GetHandleVerifier [0x00007FF6E57E83FD+3394797]
	GetHandleVerifier [0x00007FF6E557929B+842635]
	(No symbol) [0x00007FF6E542654F]
	(No symbol) [0x00007FF6E5421FA4]
	(No symbol) [0x00007FF6E542213D]
	(No symbol) [0x00007FF6E5411629]
	BaseThreadInitThunk [0x00007FFC3D5F7614+20]
	RtlUserThreadStart [0x00007FFC3E3426A1+33]

2025-05-15 17:33:39,523 - root - INFO - 开始登录操作
2025-05-15 17:33:39,748 - root - INFO - 已打开登录页面
2025-05-15 17:33:49,980 - root - ERROR - 登录过程中出现错误: Message: 
Stacktrace:
	GetHandleVerifier [0x00007FF6E54B2775+28773]
	(No symbol) [0x00007FF6E541AFB0]
	(No symbol) [0x00007FF6E52B552A]
	(No symbol) [0x00007FF6E5308EAE]
	(No symbol) [0x00007FF6E530919C]
	(No symbol) [0x00007FF6E53523F7]
	(No symbol) [0x00007FF6E532EFDF]
	(No symbol) [0x00007FF6E534F1A4]
	(No symbol) [0x00007FF6E532ED43]
	(No symbol) [0x00007FF6E52FA548]
	(No symbol) [0x00007FF6E52FB6B1]
	GetHandleVerifier [0x00007FF6E57DF45D+3358029]
	GetHandleVerifier [0x00007FF6E57F430D+3443709]
	GetHandleVerifier [0x00007FF6E57E83FD+3394797]
	GetHandleVerifier [0x00007FF6E557929B+842635]
	(No symbol) [0x00007FF6E542654F]
	(No symbol) [0x00007FF6E5421FA4]
	(No symbol) [0x00007FF6E542213D]
	(No symbol) [0x00007FF6E5411629]
	BaseThreadInitThunk [0x00007FFC3D5F7614+20]
	RtlUserThreadStart [0x00007FFC3E3426A1+33]
Traceback (most recent call last):
  File "D:\gmj\workSpaces\workSpaces_pycharm\autoTest4\PageObject\login_page.py", line 144, in login
    self.send_keys(*self.USERNAME_INPUT, username)
  File "D:\gmj\workSpaces\workSpaces_pycharm\autoTest4\Base\base_page.py", line 23, in send_keys
    element = self.find_element(by, value, timeout)
              ^^^^^^^^^^^^^^^^^^^^^^^^^^^^^^^^^^^^^
  File "D:\gmj\workSpaces\workSpaces_pycharm\autoTest4\Base\base_page.py", line 14, in find_element
    return WebDriverWait(self.driver, timeout).until(
           ^^^^^^^^^^^^^^^^^^^^^^^^^^^^^^^^^^^^^^^^^^
  File "D:\gmj\workSpaces\workSpaces_pycharm\autoTest4\.venv\Lib\site-packages\selenium\webdriver\support\wait.py", line 146, in until
    raise TimeoutException(message, screen, stacktrace)
selenium.common.exceptions.TimeoutException: Message: 
Stacktrace:
	GetHandleVerifier [0x00007FF6E54B2775+28773]
	(No symbol) [0x00007FF6E541AFB0]
	(No symbol) [0x00007FF6E52B552A]
	(No symbol) [0x00007FF6E5308EAE]
	(No symbol) [0x00007FF6E530919C]
	(No symbol) [0x00007FF6E53523F7]
	(No symbol) [0x00007FF6E532EFDF]
	(No symbol) [0x00007FF6E534F1A4]
	(No symbol) [0x00007FF6E532ED43]
	(No symbol) [0x00007FF6E52FA548]
	(No symbol) [0x00007FF6E52FB6B1]
	GetHandleVerifier [0x00007FF6E57DF45D+3358029]
	GetHandleVerifier [0x00007FF6E57F430D+3443709]
	GetHandleVerifier [0x00007FF6E57E83FD+3394797]
	GetHandleVerifier [0x00007FF6E557929B+842635]
	(No symbol) [0x00007FF6E542654F]
	(No symbol) [0x00007FF6E5421FA4]
	(No symbol) [0x00007FF6E542213D]
	(No symbol) [0x00007FF6E5411629]
	BaseThreadInitThunk [0x00007FFC3D5F7614+20]
	RtlUserThreadStart [0x00007FFC3E3426A1+33]

2025-05-15 17:33:49,981 - root - INFO - 开始登录操作
2025-05-15 17:33:50,182 - root - INFO - 已打开登录页面
2025-05-15 17:34:00,540 - root - ERROR - 登录过程中出现错误: Message: 
Stacktrace:
	GetHandleVerifier [0x00007FF6E54B2775+28773]
	(No symbol) [0x00007FF6E541AFB0]
	(No symbol) [0x00007FF6E52B552A]
	(No symbol) [0x00007FF6E5308EAE]
	(No symbol) [0x00007FF6E530919C]
	(No symbol) [0x00007FF6E53523F7]
	(No symbol) [0x00007FF6E532EFDF]
	(No symbol) [0x00007FF6E534F1A4]
	(No symbol) [0x00007FF6E532ED43]
	(No symbol) [0x00007FF6E52FA548]
	(No symbol) [0x00007FF6E52FB6B1]
	GetHandleVerifier [0x00007FF6E57DF45D+3358029]
	GetHandleVerifier [0x00007FF6E57F430D+3443709]
	GetHandleVerifier [0x00007FF6E57E83FD+3394797]
	GetHandleVerifier [0x00007FF6E557929B+842635]
	(No symbol) [0x00007FF6E542654F]
	(No symbol) [0x00007FF6E5421FA4]
	(No symbol) [0x00007FF6E542213D]
	(No symbol) [0x00007FF6E5411629]
	BaseThreadInitThunk [0x00007FFC3D5F7614+20]
	RtlUserThreadStart [0x00007FFC3E3426A1+33]
Traceback (most recent call last):
  File "D:\gmj\workSpaces\workSpaces_pycharm\autoTest4\PageObject\login_page.py", line 144, in login
    self.send_keys(*self.USERNAME_INPUT, username)
  File "D:\gmj\workSpaces\workSpaces_pycharm\autoTest4\Base\base_page.py", line 23, in send_keys
    element = self.find_element(by, value, timeout)
              ^^^^^^^^^^^^^^^^^^^^^^^^^^^^^^^^^^^^^
  File "D:\gmj\workSpaces\workSpaces_pycharm\autoTest4\Base\base_page.py", line 14, in find_element
    return WebDriverWait(self.driver, timeout).until(
           ^^^^^^^^^^^^^^^^^^^^^^^^^^^^^^^^^^^^^^^^^^
  File "D:\gmj\workSpaces\workSpaces_pycharm\autoTest4\.venv\Lib\site-packages\selenium\webdriver\support\wait.py", line 146, in until
    raise TimeoutException(message, screen, stacktrace)
selenium.common.exceptions.TimeoutException: Message: 
Stacktrace:
	GetHandleVerifier [0x00007FF6E54B2775+28773]
	(No symbol) [0x00007FF6E541AFB0]
	(No symbol) [0x00007FF6E52B552A]
	(No symbol) [0x00007FF6E5308EAE]
	(No symbol) [0x00007FF6E530919C]
	(No symbol) [0x00007FF6E53523F7]
	(No symbol) [0x00007FF6E532EFDF]
	(No symbol) [0x00007FF6E534F1A4]
	(No symbol) [0x00007FF6E532ED43]
	(No symbol) [0x00007FF6E52FA548]
	(No symbol) [0x00007FF6E52FB6B1]
	GetHandleVerifier [0x00007FF6E57DF45D+3358029]
	GetHandleVerifier [0x00007FF6E57F430D+3443709]
	GetHandleVerifier [0x00007FF6E57E83FD+3394797]
	GetHandleVerifier [0x00007FF6E557929B+842635]
	(No symbol) [0x00007FF6E542654F]
	(No symbol) [0x00007FF6E5421FA4]
	(No symbol) [0x00007FF6E542213D]
	(No symbol) [0x00007FF6E5411629]
	BaseThreadInitThunk [0x00007FFC3D5F7614+20]
	RtlUserThreadStart [0x00007FFC3E3426A1+33]

2025-05-15 17:34:00,541 - root - ERROR - 验证码识别失败次数达到上限，登录失败
2025-05-15 17:34:00,694 - root - INFO - Test case test_add_sales_plan ended at 2025-05-15 17:34:00.694264
